android/app/build/outputs/logs/manifest-merger-release-report.txt
-- Merging decision tree log ---
application
INJECTED from src\main\AndroidManifest.xml:5:5-26:19
INJECTED from src\main\AndroidManifest.xml:5:5-26:19
MERGED from [:notifee_react-native] AndroidManifest.xml:7:5-13:19
MERGED from [:notifee_react-native] AndroidManifest.xml:7:5-13:19
MERGED from [androidx.work:work-runtime:2.8.0] AndroidManifest.xml:28:5-143:19
MERGED from [androidx.work:work-runtime:2.8.0] AndroidManifest.xml:28:5-143:19
MERGED from [androidx.room:room-runtime:2.5.0] AndroidManifest.xml:23:5-29:19
MERGED from [androidx.room:room-runtime:2.5.0] AndroidManifest.xml:23:5-29:19
MERGED from [androidx.emoji2:emoji2:1.2.0] AndroidManifest.xml:23:5-33:19
MERGED from [androidx.emoji2:emoji2:1.2.0] AndroidManifest.xml:23:5-33:19
MERGED from [androidx.core:core:1.9.0] AndroidManifest.xml:28:5-89
MERGED from [androidx.core:core:1.9.0] AndroidManifest.xml:28:5-89
MERGED from [androidx.lifecycle:lifecycle-process:2.4.1] AndroidManifest.xml:25:5-35:19
MERGED from [androidx.lifecycle:lifecycle-process:2.4.1] AndroidManifest.xml:25:5-35:19
MERGED from [androidx.startup:startup-runtime:1.1.1] AndroidManifest.xml:25:5-31:19
MERGED from [androidx.startup:startup-runtime:1.1.1] AndroidManifest.xml:25:5-31:19
MERGED from [androidx.versionedparcelable:versionedparcelable:1.1.1] AndroidManifest.xml:24:5-25:19
MERGED from [androidx.versionedparcelable:versionedparcelable:1.1.1] AndroidManifest.xml:24:5-25:19
MERGED from [app.notifee:core:202108261754] AndroidManifest.xml:25:5-82:19
MERGED from [app.notifee:core:202108261754] AndroidManifest.xml:25:5-82:19
MERGED from [com.facebook.soloader:soloader:0.12.1] AndroidManifest.xml:11:5-15:19
MERGED from [com.facebook.soloader:soloader:0.12.1] AndroidManifest.xml:11:5-15:19
	android:extractNativeLibs
		INJECTED from src\main\AndroidManifest.xml
	android:appComponentFactory
		ADDED from [androidx.core:core:1.9.0] AndroidManifest.xml:28:18-86
	android:supportsRtl
		ADDED from src\main\AndroidManifest.xml:13:7-33
	android:label
		ADDED from src\main\AndroidManifest.xml:7:7-39
	android:roundIcon
		ADDED from src\main\AndroidManifest.xml:9:7-52
	android:icon
		ADDED from src\main\AndroidManifest.xml:8:7-41
	android:allowBackup
		ADDED from src\main\AndroidManifest.xml:10:7-34
	android:theme
		ADDED from src\main\AndroidManifest.xml:11:7-38
	android:name
		ADDED from src\main\AndroidManifest.xml:6:7-38
	android:usesCleartextTraffic
		INJECTED from src\main\AndroidManifest.xml
		ADDED from src\main\AndroidManifest.xml:12:7-61
manifest
ADDED from src\main\AndroidManifest.xml:1:1-27:12
INJECTED from src\main\AndroidManifest.xml:1:1-27:12
INJECTED from src\main\AndroidManifest.xml:1:1-27:12
INJECTED from src\main\AndroidManifest.xml:1:1-27:12
MERGED from [:react-native-sound] AndroidManifest.xml:2:1-7:12
MERGED from [:notifee_react-native] AndroidManifest.xml:2:1-15:12
MERGED from [:react-native-async-storage_async-storage] AndroidManifest.xml:2:1-7:12
MERGED from [:react-native-haptic-feedback] AndroidManifest.xml:2:1-9:12
MERGED from [:react-native-reanimated] AndroidManifest.xml:2:1-7:12
MERGED from [com.facebook.react:react-android:0.76.1] AndroidManifest.xml:2:1-12:12
MERGED from [androidx.work:work-runtime:2.8.0] AndroidManifest.xml:17:1-145:12
MERGED from [androidx.appcompat:appcompat-resources:1.6.1] AndroidManifest.xml:17:1-22:12
MERGED from [androidx.appcompat:appcompat:1.6.1] AndroidManifest.xml:17:1-22:12
MERGED from [com.facebook.fresco:imagepipeline-okhttp3:3.2.0] AndroidManifest.xml:2:1-7:12
MERGED from [androidx.room:room-runtime:2.5.0] AndroidManifest.xml:17:1-31:12
MERGED from [androidx.sqlite:sqlite-framework:2.3.0] AndroidManifest.xml:17:1-22:12
MERGED from [androidx.fragment:fragment:1.3.6] AndroidManifest.xml:17:1-24:12
MERGED from [androidx.activity:activity:1.6.0] AndroidManifest.xml:17:1-22:12
MERGED from [androidx.lifecycle:lifecycle-viewmodel-savedstate:2.5.1] AndroidManifest.xml:17:1-24:12
MERGED from [androidx.loader:loader:1.0.0] AndroidManifest.xml:17:1-22:12
MERGED from [androidx.lifecycle:lifecycle-viewmodel:2.5.1] AndroidManifest.xml:17:1-24:12
MERGED from [androidx.savedstate:savedstate:1.2.0] AndroidManifest.xml:17:1-24:12
MERGED from [com.facebook.fresco:fresco:3.2.0] AndroidManifest.xml:2:1-7:12
MERGED from [com.facebook.fresco:drawee:3.2.0] AndroidManifest.xml:2:1-7:12
MERGED from [com.facebook.fresco:nativeimagefilters:3.2.0] AndroidManifest.xml:2:1-7:12
MERGED from [com.facebook.fresco:memory-type-native:3.2.0] AndroidManifest.xml:2:1-7:12
MERGED from [com.facebook.fresco:memory-type-java:3.2.0] AndroidManifest.xml:2:1-7:12
MERGED from [com.facebook.fresco:imagepipeline-native:3.2.0] AndroidManifest.xml:2:1-7:12
MERGED from [com.facebook.fresco:memory-type-ashmem:3.2.0] AndroidManifest.xml:2:1-7:12
MERGED from [com.facebook.fresco:imagepipeline:3.2.0] AndroidManifest.xml:2:1-7:12
MERGED from [com.facebook.fresco:nativeimagetranscoder:3.2.0] AndroidManifest.xml:2:1-7:12
MERGED from [com.facebook.fresco:imagepipeline-base:3.2.0] AndroidManifest.xml:2:1-7:12
MERGED from [com.facebook.fresco:middleware:3.2.0] AndroidManifest.xml:2:1-7:12
MERGED from [com.facebook.fresco:ui-common:3.2.0] AndroidManifest.xml:2:1-7:12
MERGED from [com.facebook.fresco:soloader:3.2.0] AndroidManifest.xml:2:1-7:12
MERGED from [com.facebook.fresco:fbcore:3.2.0] AndroidManifest.xml:2:1-7:12
MERGED from [com.facebook.react:hermes-android:0.76.1] AndroidManifest.xml:2:1-7:12
MERGED from [androidx.transition:transition:1.1.0] AndroidManifest.xml:17:1-22:12
MERGED from [androidx.autofill:autofill:1.1.0] AndroidManifest.xml:17:1-24:12
MERGED from [androidx.swiperefreshlayout:swiperefreshlayout:1.1.0] AndroidManifest.xml:17:1-24:12
MERGED from [androidx.drawerlayout:drawerlayout:1.0.0] AndroidManifest.xml:17:1-22:12
MERGED from [androidx.emoji2:emoji2-views-helper:1.2.0] AndroidManifest.xml:2:1-7:12
MERGED from [androidx.emoji2:emoji2:1.2.0] AndroidManifest.xml:17:1-35:12
MERGED from [androidx.vectordrawable:vectordrawable-animated:1.1.0] AndroidManifest.xml:17:1-24:12
MERGED from [androidx.vectordrawable:vectordrawable:1.1.0] AndroidManifest.xml:17:1-24:12
MERGED from [androidx.core:core-ktx:1.9.0] AndroidManifest.xml:2:1-7:12
MERGED from [androidx.viewpager:viewpager:1.0.0] AndroidManifest.xml:17:1-22:12
MERGED from [androidx.customview:customview:1.0.0] AndroidManifest.xml:17:1-22:12
MERGED from [androidx.core:core:1.9.0] AndroidManifest.xml:17:1-30:12
MERGED from [androidx.lifecycle:lifecycle-process:2.4.1] AndroidManifest.xml:17:1-37:12
MERGED from [androidx.startup:startup-runtime:1.1.1] AndroidManifest.xml:17:1-33:12
MERGED from [androidx.tracing:tracing:1.1.0] AndroidManifest.xml:17:1-24:12
MERGED from [androidx.lifecycle:lifecycle-service:2.1.0] AndroidManifest.xml:17:1-22:12
MERGED from [androidx.lifecycle:lifecycle-runtime:2.5.1] AndroidManifest.xml:17:1-24:12
MERGED from [androidx.cursoradapter:cursoradapter:1.0.0] AndroidManifest.xml:17:1-22:12
MERGED from [androidx.interpolator:interpolator:1.0.0] AndroidManifest.xml:17:1-22:12
MERGED from [androidx.lifecycle:lifecycle-livedata:2.1.0] AndroidManifest.xml:17:1-22:12
MERGED from [androidx.lifecycle:lifecycle-livedata-core:2.5.1] AndroidManifest.xml:17:1-24:12
MERGED from [androidx.arch.core:core-runtime:2.1.0] AndroidManifest.xml:17:1-24:12
MERGED from [androidx.sqlite:sqlite:2.3.0] AndroidManifest.xml:17:1-22:12
MERGED from [androidx.versionedparcelable:versionedparcelable:1.1.1] AndroidManifest.xml:17:1-27:12
MERGED from [androidx.annotation:annotation-experimental:1.3.0] AndroidManifest.xml:17:1-22:12
MERGED from [app.notifee:core:202108261754] AndroidManifest.xml:2:1-84:12
MERGED from [org.greenrobot:eventbus:3.3.1] AndroidManifest.xml:2:1-9:12
MERGED from [com.facebook.fbjni:fbjni:0.6.0] AndroidManifest.xml:2:1-7:12
MERGED from [com.facebook.soloader:soloader:0.12.1] AndroidManifest.xml:2:1-17:12
	package
		INJECTED from src\main\AndroidManifest.xml
	android:versionName
		INJECTED from src\main\AndroidManifest.xml
	android:versionCode
		INJECTED from src\main\AndroidManifest.xml
	xmlns:android
		ADDED from src\main\AndroidManifest.xml:1:11-69
uses-permission#android.permission.INTERNET
ADDED from src\main\AndroidManifest.xml:3:5-67
MERGED from [app.notifee:core:202108261754] AndroidManifest.xml:14:5-67
MERGED from [app.notifee:core:202108261754] AndroidManifest.xml:14:5-67
	android:name
		ADDED from src\main\AndroidManifest.xml:3:22-64
activity#com.todoapp.MainActivity
ADDED from src\main\AndroidManifest.xml:14:7-25:18
	android:label
		ADDED from src\main\AndroidManifest.xml:16:9-41
	android:launchMode
		ADDED from src\main\AndroidManifest.xml:18:9-40
	android:windowSoftInputMode
		ADDED from src\main\AndroidManifest.xml:19:9-51
	android:exported
		ADDED from src\main\AndroidManifest.xml:20:9-32
	android:configChanges
		ADDED from src\main\AndroidManifest.xml:17:9-118
	android:name
		ADDED from src\main\AndroidManifest.xml:15:9-37
intent-filter#action:name:android.intent.action.MAIN+category:name:android.intent.category.LAUNCHER
ADDED from src\main\AndroidManifest.xml:21:9-24:25
action#android.intent.action.MAIN
ADDED from src\main\AndroidManifest.xml:22:13-65
	android:name
		ADDED from src\main\AndroidManifest.xml:22:21-62
category#android.intent.category.LAUNCHER
ADDED from src\main\AndroidManifest.xml:23:13-73
	android:name
		ADDED from src\main\AndroidManifest.xml:23:23-70
uses-sdk
INJECTED from src\main\AndroidManifest.xml reason: use-sdk injection requested
INJECTED from src\main\AndroidManifest.xml
INJECTED from src\main\AndroidManifest.xml
MERGED from [:react-native-sound] AndroidManifest.xml:5:5-44
MERGED from [:react-native-sound] AndroidManifest.xml:5:5-44
MERGED from [:notifee_react-native] AndroidManifest.xml:5:5-44
MERGED from [:notifee_react-native] AndroidManifest.xml:5:5-44
MERGED from [:react-native-async-storage_async-storage] AndroidManifest.xml:5:5-44
MERGED from [:react-native-async-storage_async-storage] AndroidManifest.xml:5:5-44
MERGED from [:react-native-haptic-feedback] AndroidManifest.xml:5:5-44
MERGED from [:react-native-haptic-feedback] AndroidManifest.xml:5:5-44
MERGED from [:react-native-reanimated] AndroidManifest.xml:5:5-44
MERGED from [:react-native-reanimated] AndroidManifest.xml:5:5-44
MERGED from [com.facebook.react:react-android:0.76.1] AndroidManifest.xml:10:5-44
MERGED from [com.facebook.react:react-android:0.76.1] AndroidManifest.xml:10:5-44
MERGED from [androidx.work:work-runtime:2.8.0] AndroidManifest.xml:21:5-44
MERGED from [androidx.work:work-runtime:2.8.0] AndroidManifest.xml:21:5-44
MERGED from [androidx.appcompat:appcompat-resources:1.6.1] AndroidManifest.xml:20:5-44
MERGED from [androidx.appcompat:appcompat-resources:1.6.1] AndroidManifest.xml:20:5-44
MERGED from [androidx.appcompat:appcompat:1.6.1] AndroidManifest.xml:20:5-44
MERGED from [androidx.appcompat:appcompat:1.6.1] AndroidManifest.xml:20:5-44
MERGED from [com.facebook.fresco:imagepipeline-okhttp3:3.2.0] AndroidManifest.xml:5:5-44
MERGED from [com.facebook.fresco:imagepipeline-okhttp3:3.2.0] AndroidManifest.xml:5:5-44
MERGED from [androidx.room:room-runtime:2.5.0] AndroidManifest.xml:21:5-44
MERGED from [androidx.room:room-runtime:2.5.0] AndroidManifest.xml:21:5-44
MERGED from [androidx.sqlite:sqlite-framework:2.3.0] AndroidManifest.xml:20:5-44
MERGED from [androidx.sqlite:sqlite-framework:2.3.0] AndroidManifest.xml:20:5-44
MERGED from [androidx.fragment:fragment:1.3.6] AndroidManifest.xml:20:5-22:41
MERGED from [androidx.fragment:fragment:1.3.6] AndroidManifest.xml:20:5-22:41
MERGED from [androidx.activity:activity:1.6.0] AndroidManifest.xml:20:5-44
MERGED from [androidx.activity:activity:1.6.0] AndroidManifest.xml:20:5-44
MERGED from [androidx.lifecycle:lifecycle-viewmodel-savedstate:2.5.1] AndroidManifest.xml:20:5-22:41
MERGED from [androidx.lifecycle:lifecycle-viewmodel-savedstate:2.5.1] AndroidManifest.xml:20:5-22:41
MERGED from [androidx.loader:loader:1.0.0] AndroidManifest.xml:20:5-44
MERGED from [androidx.loader:loader:1.0.0] AndroidManifest.xml:20:5-44
MERGED from [androidx.lifecycle:lifecycle-viewmodel:2.5.1] AndroidManifest.xml:20:5-22:41
MERGED from [androidx.lifecycle:lifecycle-viewmodel:2.5.1] AndroidManifest.xml:20:5-22:41
MERGED from [androidx.savedstate:savedstate:1.2.0] AndroidManifest.xml:20:5-22:41
MERGED from [androidx.savedstate:savedstate:1.2.0] AndroidManifest.xml:20:5-22:41
MERGED from [com.facebook.fresco:fresco:3.2.0] AndroidManifest.xml:5:5-44
MERGED from [com.facebook.fresco:fresco:3.2.0] AndroidManifest.xml:5:5-44
MERGED from [com.facebook.fresco:drawee:3.2.0] AndroidManifest.xml:5:5-44
MERGED from [com.facebook.fresco:drawee:3.2.0] AndroidManifest.xml:5:5-44
MERGED from [com.facebook.fresco:nativeimagefilters:3.2.0] AndroidManifest.xml:5:5-44
MERGED from [com.facebook.fresco:nativeimagefilters:3.2.0] AndroidManifest.xml:5:5-44
MERGED from [com.facebook.fresco:memory-type-native:3.2.0] AndroidManifest.xml:5:5-44
MERGED from [com.facebook.fresco:memory-type-native:3.2.0] AndroidManifest.xml:5:5-44
MERGED from [com.facebook.fresco:memory-type-java:3.2.0] AndroidManifest.xml:5:5-44
MERGED from [com.facebook.fresco:memory-type-java:3.2.0] AndroidManifest.xml:5:5-44
MERGED from [com.facebook.fresco:imagepipeline-native:3.2.0] AndroidManifest.xml:5:5-44
MERGED from [com.facebook.fresco:imagepipeline-native:3.2.0] AndroidManifest.xml:5:5-44
MERGED from [com.facebook.fresco:memory-type-ashmem:3.2.0] AndroidManifest.xml:5:5-44
MERGED from [com.facebook.fresco:memory-type-ashmem:3.2.0] AndroidManifest.xml:5:5-44
MERGED from [com.facebook.fresco:imagepipeline:3.2.0] AndroidManifest.xml:5:5-44
MERGED from [com.facebook.fresco:imagepipeline:3.2.0] AndroidManifest.xml:5:5-44
MERGED from [com.facebook.fresco:nativeimagetranscoder:3.2.0] AndroidManifest.xml:5:5-44
MERGED from [com.facebook.fresco:nativeimagetranscoder:3.2.0] AndroidManifest.xml:5:5-44
MERGED from [com.facebook.fresco:imagepipeline-base:3.2.0] AndroidManifest.xml:5:5-44
MERGED from [com.facebook.fresco:imagepipeline-base:3.2.0] AndroidManifest.xml:5:5-44
MERGED from [com.facebook.fresco:middleware:3.2.0] AndroidManifest.xml:5:5-44
MERGED from [com.facebook.fresco:middleware:3.2.0] AndroidManifest.xml:5:5-44
MERGED from [com.facebook.fresco:ui-common:3.2.0] AndroidManifest.xml:5:5-44
MERGED from [com.facebook.fresco:ui-common:3.2.0] AndroidManifest.xml:5:5-44
MERGED from [com.facebook.fresco:soloader:3.2.0] AndroidManifest.xml:5:5-44
MERGED from [com.facebook.fresco:soloader:3.2.0] AndroidManifest.xml:5:5-44
MERGED from [com.facebook.fresco:fbcore:3.2.0] AndroidManifest.xml:5:5-44
MERGED from [com.facebook.fresco:fbcore:3.2.0] AndroidManifest.xml:5:5-44
MERGED from [com.facebook.react:hermes-android:0.76.1] AndroidManifest.xml:5:5-44
MERGED from [com.facebook.react:hermes-android:0.76.1] AndroidManifest.xml:5:5-44
MERGED from [androidx.transition:transition:1.1.0] AndroidManifest.xml:20:5-44
MERGED from [androidx.transition:transition:1.1.0] AndroidManifest.xml:20:5-44
MERGED from [androidx.autofill:autofill:1.1.0] AndroidManifest.xml:20:5-22:41
MERGED from [androidx.autofill:autofill:1.1.0] AndroidManifest.xml:20:5-22:41
MERGED from [androidx.swiperefreshlayout:swiperefreshlayout:1.1.0] AndroidManifest.xml:20:5-22:41
MERGED from [androidx.swiperefreshlayout:swiperefreshlayout:1.1.0] AndroidManifest.xml:20:5-22:41
MERGED from [androidx.drawerlayout:drawerlayout:1.0.0] AndroidManifest.xml:20:5-44
MERGED from [androidx.drawerlayout:drawerlayout:1.0.0] AndroidManifest.xml:20:5-44
MERGED from [androidx.emoji2:emoji2-views-helper:1.2.0] AndroidManifest.xml:5:5-44
MERGED from [androidx.emoji2:emoji2-views-helper:1.2.0] AndroidManifest.xml:5:5-44
MERGED from [androidx.emoji2:emoji2:1.2.0] AndroidManifest.xml:21:5-44
MERGED from [androidx.emoji2:emoji2:1.2.0] AndroidManifest.xml:21:5-44
MERGED from [androidx.vectordrawable:vectordrawable-animated:1.1.0] AndroidManifest.xml:20:5-22:41
MERGED from [androidx.vectordrawable:vectordrawable-animated:1.1.0] AndroidManifest.xml:20:5-22:41
MERGED from [androidx.vectordrawable:vectordrawable:1.1.0] AndroidManifest.xml:20:5-22:41
MERGED from [androidx.vectordrawable:vectordrawable:1.1.0] AndroidManifest.xml:20:5-22:41
MERGED from [androidx.core:core-ktx:1.9.0] AndroidManifest.xml:5:5-44
MERGED from [androidx.core:core-ktx:1.9.0] AndroidManifest.xml:5:5-44
MERGED from [androidx.viewpager:viewpager:1.0.0] AndroidManifest.xml:20:5-44
MERGED from [androidx.viewpager:viewpager:1.0.0] AndroidManifest.xml:20:5-44
MERGED from [androidx.customview:customview:1.0.0] AndroidManifest.xml:20:5-44
MERGED from [androidx.customview:customview:1.0.0] AndroidManifest.xml:20:5-44
MERGED from [androidx.core:core:1.9.0] AndroidManifest.xml:20:5-44
MERGED from [androidx.core:core:1.9.0] AndroidManifest.xml:20:5-44
MERGED from [androidx.lifecycle:lifecycle-process:2.4.1] AndroidManifest.xml:21:5-23:41
MERGED from [androidx.lifecycle:lifecycle-process:2.4.1] AndroidManifest.xml:21:5-23:41
MERGED from [androidx.startup:startup-runtime:1.1.1] AndroidManifest.xml:21:5-23:41
MERGED from [androidx.startup:startup-runtime:1.1.1] AndroidManifest.xml:21:5-23:41
MERGED from [androidx.tracing:tracing:1.1.0] AndroidManifest.xml:20:5-22:41
MERGED from [androidx.tracing:tracing:1.1.0] AndroidManifest.xml:20:5-22:41
MERGED from [androidx.lifecycle:lifecycle-service:2.1.0] AndroidManifest.xml:20:5-44
MERGED from [androidx.lifecycle:lifecycle-service:2.1.0] AndroidManifest.xml:20:5-44
MERGED from [androidx.lifecycle:lifecycle-runtime:2.5.1] AndroidManifest.xml:20:5-22:41
MERGED from [androidx.lifecycle:lifecycle-runtime:2.5.1] AndroidManifest.xml:20:5-22:41
MERGED from [androidx.cursoradapter:cursoradapter:1.0.0] AndroidManifest.xml:20:5-44
MERGED from [androidx.cursoradapter:cursoradapter:1.0.0] AndroidManifest.xml:20:5-44
MERGED from [androidx.interpolator:interpolator:1.0.0] AndroidManifest.xml:20:5-44
MERGED from [androidx.interpolator:interpolator:1.0.0] AndroidManifest.xml:20:5-44
MERGED from [androidx.lifecycle:lifecycle-livedata:2.1.0] AndroidManifest.xml:20:5-44
MERGED from [androidx.lifecycle:lifecycle-livedata:2.1.0] AndroidManifest.xml:20:5-44
MERGED from [androidx.lifecycle:lifecycle-livedata-core:2.5.1] AndroidManifest.xml:20:5-22:41
MERGED from [androidx.lifecycle:lifecycle-livedata-core:2.5.1] AndroidManifest.xml:20:5-22:41
MERGED from [androidx.arch.core:core-runtime:2.1.0] AndroidManifest.xml:20:5-22:41
MERGED from [androidx.arch.core:core-runtime:2.1.0] AndroidManifest.xml:20:5-22:41
MERGED from [androidx.sqlite:sqlite:2.3.0] AndroidManifest.xml:20:5-44
MERGED from [androidx.sqlite:sqlite:2.3.0] AndroidManifest.xml:20:5-44
MERGED from [androidx.versionedparcelable:versionedparcelable:1.1.1] AndroidManifest.xml:20:5-22:41
MERGED from [androidx.versionedparcelable:versionedparcelable:1.1.1] AndroidManifest.xml:20:5-22:41
MERGED from [androidx.annotation:annotation-experimental:1.3.0] AndroidManifest.xml:20:5-44
MERGED from [androidx.annotation:annotation-experimental:1.3.0] AndroidManifest.xml:20:5-44
MERGED from [app.notifee:core:202108261754] AndroidManifest.xml:5:5-7:41
MERGED from [app.notifee:core:202108261754] AndroidManifest.xml:5:5-7:41
MERGED from [org.greenrobot:eventbus:3.3.1] AndroidManifest.xml:5:5-7:41
MERGED from [org.greenrobot:eventbus:3.3.1] AndroidManifest.xml:5:5-7:41
MERGED from [com.facebook.fbjni:fbjni:0.6.0] AndroidManifest.xml:5:5-44
MERGED from [com.facebook.fbjni:fbjni:0.6.0] AndroidManifest.xml:5:5-44
MERGED from [com.facebook.soloader:soloader:0.12.1] AndroidManifest.xml:7:5-9:41
MERGED from [com.facebook.soloader:soloader:0.12.1] AndroidManifest.xml:7:5-9:41
	android:targetSdkVersion
		INJECTED from src\main\AndroidManifest.xml
	android:minSdkVersion
		INJECTED from src\main\AndroidManifest.xml
provider#io.invertase.notifee.NotifeeInitProvider
ADDED from [:notifee_react-native] AndroidManifest.xml:8:9-12:40
	android:authorities
		ADDED from [:notifee_react-native] AndroidManifest.xml:10:13-73
	android:exported
		ADDED from [:notifee_react-native] AndroidManifest.xml:11:13-37
	android:initOrder
		ADDED from [:notifee_react-native] AndroidManifest.xml:12:13-37
	android:name
		ADDED from [:notifee_react-native] AndroidManifest.xml:9:13-68
uses-permission#android.permission.VIBRATE
ADDED from [:react-native-haptic-feedback] AndroidManifest.xml:7:5-66
MERGED from [app.notifee:core:202108261754] AndroidManifest.xml:13:5-66
MERGED from [app.notifee:core:202108261754] AndroidManifest.xml:13:5-66
	android:name
		ADDED from [:react-native-haptic-feedback] AndroidManifest.xml:7:22-63
uses-permission#android.permission.WAKE_LOCK
ADDED from [androidx.work:work-runtime:2.8.0] AndroidManifest.xml:23:5-68
MERGED from [app.notifee:core:202108261754] AndroidManifest.xml:10:5-68
MERGED from [app.notifee:core:202108261754] AndroidManifest.xml:10:5-68
	android:name
		ADDED from [androidx.work:work-runtime:2.8.0] AndroidManifest.xml:23:22-65
uses-permission#android.permission.ACCESS_NETWORK_STATE
ADDED from [androidx.work:work-runtime:2.8.0] AndroidManifest.xml:24:5-79
MERGED from [app.notifee:core:202108261754] AndroidManifest.xml:11:5-79
MERGED from [app.notifee:core:202108261754] AndroidManifest.xml:11:5-79
	android:name
		ADDED from [androidx.work:work-runtime:2.8.0] AndroidManifest.xml:24:22-76
uses-permission#android.permission.RECEIVE_BOOT_COMPLETED
ADDED from [androidx.work:work-runtime:2.8.0] AndroidManifest.xml:25:5-81
MERGED from [app.notifee:core:202108261754] AndroidManifest.xml:12:5-81
MERGED from [app.notifee:core:202108261754] AndroidManifest.xml:12:5-81
	android:name
		ADDED from [androidx.work:work-runtime:2.8.0] AndroidManifest.xml:25:22-78
uses-permission#android.permission.FOREGROUND_SERVICE
ADDED from [androidx.work:work-runtime:2.8.0] AndroidManifest.xml:26:5-77
MERGED from [app.notifee:core:202108261754] AndroidManifest.xml:15:5-77
MERGED from [app.notifee:core:202108261754] AndroidManifest.xml:15:5-77
	android:name
		ADDED from [androidx.work:work-runtime:2.8.0] AndroidManifest.xml:26:22-74
provider#androidx.startup.InitializationProvider
ADDED from [androidx.work:work-runtime:2.8.0] AndroidManifest.xml:29:9-37:20
MERGED from [androidx.emoji2:emoji2:1.2.0] AndroidManifest.xml:24:9-32:20
MERGED from [androidx.emoji2:emoji2:1.2.0] AndroidManifest.xml:24:9-32:20
MERGED from [androidx.lifecycle:lifecycle-process:2.4.1] AndroidManifest.xml:26:9-34:20
MERGED from [androidx.lifecycle:lifecycle-process:2.4.1] AndroidManifest.xml:26:9-34:20
MERGED from [androidx.startup:startup-runtime:1.1.1] AndroidManifest.xml:26:9-30:34
MERGED from [androidx.startup:startup-runtime:1.1.1] AndroidManifest.xml:26:9-30:34
	tools:node
		ADDED from [androidx.work:work-runtime:2.8.0] AndroidManifest.xml:33:13-31
	android:authorities
		ADDED from [androidx.work:work-runtime:2.8.0] AndroidManifest.xml:31:13-68
	android:exported
		ADDED from [androidx.work:work-runtime:2.8.0] AndroidManifest.xml:32:13-37
	android:name
		ADDED from [androidx.work:work-runtime:2.8.0] AndroidManifest.xml:30:13-67
meta-data#androidx.work.WorkManagerInitializer
ADDED from [androidx.work:work-runtime:2.8.0] AndroidManifest.xml:34:13-36:52
	android:value
		ADDED from [androidx.work:work-runtime:2.8.0] AndroidManifest.xml:36:17-49
	android:name
		ADDED from [androidx.work:work-runtime:2.8.0] AndroidManifest.xml:35:17-68
service#androidx.work.impl.background.systemalarm.SystemAlarmService
ADDED from [androidx.work:work-runtime:2.8.0] AndroidManifest.xml:39:9-45:35
	android:enabled
		ADDED from [androidx.work:work-runtime:2.8.0] AndroidManifest.xml:42:13-72
	android:exported
		ADDED from [androidx.work:work-runtime:2.8.0] AndroidManifest.xml:43:13-37
	tools:ignore
		ADDED from [androidx.work:work-runtime:2.8.0] AndroidManifest.xml:44:13-60
	tools:targetApi
		ADDED from [androidx.work:work-runtime:2.8.0] AndroidManifest.xml:45:13-32
	android:directBootAware
		ADDED from [androidx.work:work-runtime:2.8.0] AndroidManifest.xml:41:13-44
	android:name
		ADDED from [androidx.work:work-runtime:2.8.0] AndroidManifest.xml:40:13-88
service#androidx.work.impl.background.systemjob.SystemJobService
ADDED from [androidx.work:work-runtime:2.8.0] AndroidManifest.xml:46:9-52:35
	android:enabled
		ADDED from [androidx.work:work-runtime:2.8.0] AndroidManifest.xml:49:13-70
	android:exported
		ADDED from [androidx.work:work-runtime:2.8.0] AndroidManifest.xml:50:13-36
	android:permission
		ADDED from [androidx.work:work-runtime:2.8.0] AndroidManifest.xml:51:13-69
	tools:targetApi
		ADDED from [androidx.work:work-runtime:2.8.0] AndroidManifest.xml:52:13-32
	android:directBootAware
		ADDED from [androidx.work:work-runtime:2.8.0] AndroidManifest.xml:48:13-44
	android:name
		ADDED from [androidx.work:work-runtime:2.8.0] AndroidManifest.xml:47:13-84
service#androidx.work.impl.foreground.SystemForegroundService
ADDED from [androidx.work:work-runtime:2.8.0] AndroidManifest.xml:53:9-59:35
	android:enabled
		ADDED from [androidx.work:work-runtime:2.8.0] AndroidManifest.xml:56:13-77
	android:exported
		ADDED from [androidx.work:work-runtime:2.8.0] AndroidManifest.xml:57:13-37
	tools:ignore
		ADDED from [androidx.work:work-runtime:2.8.0] AndroidManifest.xml:58:13-60
	tools:targetApi
		ADDED from [androidx.work:work-runtime:2.8.0] AndroidManifest.xml:59:13-32
	android:directBootAware
		ADDED from [androidx.work:work-runtime:2.8.0] AndroidManifest.xml:55:13-44
	android:name
		ADDED from [androidx.work:work-runtime:2.8.0] AndroidManifest.xml:54:13-81
receiver#androidx.work.impl.utils.ForceStopRunnable$BroadcastReceiver
ADDED from [androidx.work:work-runtime:2.8.0] AndroidManifest.xml:61:9-66:35
	android:enabled
		ADDED from [androidx.work:work-runtime:2.8.0] AndroidManifest.xml:64:13-35
	android:exported
		ADDED from [androidx.work:work-runtime:2.8.0] AndroidManifest.xml:65:13-37
	tools:targetApi
		ADDED from [androidx.work:work-runtime:2.8.0] AndroidManifest.xml:66:13-32
	android:directBootAware
		ADDED from [androidx.work:work-runtime:2.8.0] AndroidManifest.xml:63:13-44
	android:name
		ADDED from [androidx.work:work-runtime:2.8.0] AndroidManifest.xml:62:13-88
receiver#androidx.work.impl.background.systemalarm.ConstraintProxy$BatteryChargingProxy
ADDED from [androidx.work:work-runtime:2.8.0] AndroidManifest.xml:67:9-77:20
	android:enabled
		ADDED from [androidx.work:work-runtime:2.8.0] AndroidManifest.xml:70:13-36
	android:exported
		ADDED from [androidx.work:work-runtime:2.8.0] AndroidManifest.xml:71:13-37
	tools:targetApi
		ADDED from [androidx.work:work-runtime:2.8.0] AndroidManifest.xml:72:13-32
	android:directBootAware
		ADDED from [androidx.work:work-runtime:2.8.0] AndroidManifest.xml:69:13-44
	android:name
		ADDED from [androidx.work:work-runtime:2.8.0] AndroidManifest.xml:68:13-106
intent-filter#action:name:android.intent.action.ACTION_POWER_CONNECTED+action:name:android.intent.action.ACTION_POWER_DISCONNECTED
ADDED from [androidx.work:work-runtime:2.8.0] AndroidManifest.xml:73:13-76:29
action#android.intent.action.ACTION_POWER_CONNECTED
ADDED from [androidx.work:work-runtime:2.8.0] AndroidManifest.xml:74:17-87
	android:name
		ADDED from [androidx.work:work-runtime:2.8.0] AndroidManifest.xml:74:25-84
action#android.intent.action.ACTION_POWER_DISCONNECTED
ADDED from [androidx.work:work-runtime:2.8.0] AndroidManifest.xml:75:17-90
	android:name
		ADDED from [androidx.work:work-runtime:2.8.0] AndroidManifest.xml:75:25-87
receiver#androidx.work.impl.background.systemalarm.ConstraintProxy$BatteryNotLowProxy
ADDED from [androidx.work:work-runtime:2.8.0] AndroidManifest.xml:78:9-88:20
	android:enabled
		ADDED from [androidx.work:work-runtime:2.8.0] AndroidManifest.xml:81:13-36
	android:exported
		ADDED from [androidx.work:work-runtime:2.8.0] AndroidManifest.xml:82:13-37
	tools:targetApi
		ADDED from [androidx.work:work-runtime:2.8.0] AndroidManifest.xml:83:13-32
	android:directBootAware
		ADDED from [androidx.work:work-runtime:2.8.0] AndroidManifest.xml:80:13-44
	android:name
		ADDED from [androidx.work:work-runtime:2.8.0] AndroidManifest.xml:79:13-104
intent-filter#action:name:android.intent.action.BATTERY_LOW+action:name:android.intent.action.BATTERY_OKAY
ADDED from [androidx.work:work-runtime:2.8.0] AndroidManifest.xml:84:13-87:29
action#android.intent.action.BATTERY_OKAY
ADDED from [androidx.work:work-runtime:2.8.0] AndroidManifest.xml:85:17-77
	android:name
		ADDED from [androidx.work:work-runtime:2.8.0] AndroidManifest.xml:85:25-74
action#android.intent.action.BATTERY_LOW
ADDED from [androidx.work:work-runtime:2.8.0] AndroidManifest.xml:86:17-76
	android:name
		ADDED from [androidx.work:work-runtime:2.8.0] AndroidManifest.xml:86:25-73
receiver#androidx.work.impl.background.systemalarm.ConstraintProxy$StorageNotLowProxy
ADDED from [androidx.work:work-runtime:2.8.0] AndroidManifest.xml:89:9-99:20
	android:enabled
		ADDED from [androidx.work:work-runtime:2.8.0] AndroidManifest.xml:92:13-36
	android:exported
		ADDED from [androidx.work:work-runtime:2.8.0] AndroidManifest.xml:93:13-37
	tools:targetApi
		ADDED from [androidx.work:work-runtime:2.8.0] AndroidManifest.xml:94:13-32
	android:directBootAware
		ADDED from [androidx.work:work-runtime:2.8.0] AndroidManifest.xml:91:13-44
	android:name
		ADDED from [androidx.work:work-runtime:2.8.0] AndroidManifest.xml:90:13-104
intent-filter#action:name:android.intent.action.DEVICE_STORAGE_LOW+action:name:android.intent.action.DEVICE_STORAGE_OK
ADDED from [androidx.work:work-runtime:2.8.0] AndroidManifest.xml:95:13-98:29
action#android.intent.action.DEVICE_STORAGE_LOW
ADDED from [androidx.work:work-runtime:2.8.0] AndroidManifest.xml:96:17-83
	android:name
		ADDED from [androidx.work:work-runtime:2.8.0] AndroidManifest.xml:96:25-80
action#android.intent.action.DEVICE_STORAGE_OK
ADDED from [androidx.work:work-runtime:2.8.0] AndroidManifest.xml:97:17-82
	android:name
		ADDED from [androidx.work:work-runtime:2.8.0] AndroidManifest.xml:97:25-79
receiver#androidx.work.impl.background.systemalarm.ConstraintProxy$NetworkStateProxy
ADDED from [androidx.work:work-runtime:2.8.0] AndroidManifest.xml:100:9-109:20
	android:enabled